<?xml version="1.0" encoding="UTF-8"?>
<!-- Generated by org.testng.reporters.JUnitReportReporter -->
<testsuite name="Moderator_Web_App.Network_Capturing" tests="8" time="486.142" ignored="0" failures="0" timestamp="31 Aug 2017 05:38:39 GMT" skipped="0" hostname="Vivek-Singhs-MacBook-Air.local" errors="0">
  <testcase name="operation1" time="41.726" classname="Moderator_Web_App.Network_Capturing"/>
  <testcase name="operation4" time="12.269" classname="Moderator_Web_App.Network_Capturing"/>
  <testcase name="operation2" time="209.906" classname="Moderator_Web_App.Network_Capturing"/>
  <testcase name="opeartion8" time="9.355" classname="Moderator_Web_App.Network_Capturing"/>
  <testcase name="opeartion3" time="39.555" classname="Moderator_Web_App.Network_Capturing"/>
  <testcase name="opeartion5" time="26.510" classname="Moderator_Web_App.Network_Capturing"/>
  <testcase name="opeartion6" time="60.009" classname="Moderator_Web_App.Network_Capturing"/>
  <testcase name="opeartion7" time="86.812" classname="Moderator_Web_App.Network_Capturing"/>
</testsuite> <!-- Moderator_Web_App.Network_Capturing -->
