<?xml version="1.0" encoding="UTF-8"?>
<!-- Generated by org.testng.reporters.JUnitReportReporter -->
<testsuite name="Moderator_Web_App.Network_Capturing" tests="8" time="675.773" ignored="0" failures="0" timestamp="26 Sep 2017 04:56:58 GMT" skipped="0" hostname="Vivek-Singhs-MacBook-Air.local" errors="0">
  <testcase name="opeartion5" time="26.001" classname="Moderator_Web_App.Network_Capturing"/>
  <testcase name="opeartion6" time="63.916" classname="Moderator_Web_App.Network_Capturing"/>
  <testcase name="opeartion7" time="215.796" classname="Moderator_Web_App.Network_Capturing"/>
  <testcase name="operation2" time="210.852" classname="Moderator_Web_App.Network_Capturing"/>
  <testcase name="operation4" time="12.256" classname="Moderator_Web_App.Network_Capturing"/>
  <testcase name="opeartion8" time="9.345" classname="Moderator_Web_App.Network_Capturing"/>
  <testcase name="opeartion3" time="90.229" classname="Moderator_Web_App.Network_Capturing"/>
  <testcase name="operation1" time="47.378" classname="Moderator_Web_App.Network_Capturing"/>
</testsuite> <!-- Moderator_Web_App.Network_Capturing -->
